<?xml version="1.0" encoding="UTF-8"?>
<!-- Generated by org.testng.reporters.JUnitReportReporter -->
<testsuite hostname="LIN41005801" failures="0" tests="1" name="Test.GetMethod" time="1.650" errors="0" timestamp="2022-06-17T12:19:10 IST" skipped="0">
  <testcase classname="Test.GetMethod" name="testGetMethod" time="1.650"/>
  <system-out/>
</testsuite> <!-- Test.GetMethod -->
