<?xml version="1.0" encoding="UTF-8"?>
<!-- Generated by org.testng.reporters.JUnitReportReporter -->
<testsuite hostname="LIN41005801" failures="0" tests="4" name="Test.UserTest" time="1.642" errors="0" timestamp="2022-06-20T14:43:33 IST" skipped="0">
  <testcase classname="Test.UserTest" name="DeleteMethod" time="1.423"/>
  <system-out/>
  <testcase classname="Test.UserTest" name="PostMethod" time="0.150"/>
  <system-out/>
  <testcase classname="Test.UserTest" name="GetMethod" time="0.038"/>
  <system-out/>
  <testcase classname="Test.UserTest" name="PutMethod" time="0.031"/>
  <system-out/>
</testsuite> <!-- Test.UserTest -->
