<?xml version="1.0" encoding="UTF-8"?>
<!-- Generated by org.testng.reporters.JUnitReportReporter -->
<testsuite hostname="LIN41005801" failures="0" tests="1" name="UserTest.GetMethod" time="1.612" errors="0" timestamp="2022-06-17T12:15:44 IST" skipped="0">
  <testcase classname="UserTest.GetMethod" name="testGetMethod" time="1.612"/>
  <system-out/>
</testsuite> <!-- UserTest.GetMethod -->
